<?xml version="1.0" encoding="UTF-8"?>
<testng-results ignored="0" total="9" passed="9" failed="0" skipped="0">
  <reporter-output>
    <line>
      <![CDATA[Starting Test...]]>
    </line>
    <line>
      <![CDATA[Opened Browser...]]>
    </line>
    <line>
      <![CDATA[Page title is SuiteCRM]]>
    </line>
    <line>
      <![CDATA[Title of the website matches 'SuiteCRM' exactly]]>
    </line>
    <line>
      <![CDATA[Ending Test...]]>
    </line>
    <line>
      <![CDATA[Starting Test...]]>
    </line>
    <line>
      <![CDATA[Opened Browser...]]>
    </line>
    <line>
      <![CDATA[Page title is SuiteCRM]]>
    </line>
    <line>
      <![CDATA[URL of the Header Image : https://alchemy.hguy.co/crm/themes/default/images/company_logo.png?v=cK7kLsY0ftg72ZVHTYUT_g]]>
    </line>
    <line>
      <![CDATA[Ending Test...]]>
    </line>
    <line>
      <![CDATA[Starting Test...]]>
    </line>
    <line>
      <![CDATA[Opened Browser...]]>
    </line>
    <line>
      <![CDATA[Page title is SuiteCRM]]>
    </line>
    <line>
      <![CDATA[First Copyright Text : © Supercharged by SuiteCRM]]>
    </line>
    <line>
      <![CDATA[Ending Test...]]>
    </line>
    <line>
      <![CDATA[Starting Test...]]>
    </line>
    <line>
      <![CDATA[Opened Browser...]]>
    </line>
    <line>
      <![CDATA[Page title is SuiteCRM]]>
    </line>
    <line>
      <![CDATA[Homepage opened]]>
    </line>
    <line>
      <![CDATA[Ending Test...]]>
    </line>
    <line>
      <![CDATA[Starting Test...]]>
    </line>
    <line>
      <![CDATA[Opened Browser...]]>
    </line>
    <line>
      <![CDATA[Page title is SuiteCRM]]>
    </line>
    <line>
      <![CDATA[Homepage opened]]>
    </line>
    <line>
      <![CDATA[<br>]]>
    </line>
    <line>
      <![CDATA[Colour of Toolbar : rgb(83, 77, 100)]]>
    </line>
    <line>
      <![CDATA[Ending Test...]]>
    </line>
    <line>
      <![CDATA[Starting Test...]]>
    </line>
    <line>
      <![CDATA[Opened Browser...]]>
    </line>
    <line>
      <![CDATA[Page title is SuiteCRM]]>
    </line>
    <line>
      <![CDATA[Homepage opened]]>
    </line>
    <line>
      <![CDATA[<br>]]>
    </line>
    <line>
      <![CDATA[ACTIVITIES Exists in Navigation Menubar]]>
    </line>
    <line>
      <![CDATA[Ending Test...]]>
    </line>
    <line>
      <![CDATA[Starting Test...]]>
    </line>
    <line>
      <![CDATA[Opened Browser...]]>
    </line>
    <line>
      <![CDATA[Page title is SuiteCRM]]>
    </line>
    <line>
      <![CDATA[Homepage opened]]>
    </line>
    <line>
      <![CDATA[<br>]]>
    </line>
    <line>
      <![CDATA[Lead Phone No : 1234567890]]>
    </line>
    <line>
      <![CDATA[Ending Test...]]>
    </line>
    <line>
      <![CDATA[Starting Test...]]>
    </line>
    <line>
      <![CDATA[Opened Browser...]]>
    </line>
    <line>
      <![CDATA[Page title is SuiteCRM]]>
    </line>
    <line>
      <![CDATA[Homepage opened]]>
    </line>
    <line>
      <![CDATA[<br>]]>
    </line>
    <line>
      <![CDATA[Account1 Name : 5D Investments]]>
    </line>
    <line>
      <![CDATA[<br>]]>
    </line>
    <line>
      <![CDATA[Account3 Name : 5D Investments]]>
    </line>
    <line>
      <![CDATA[<br>]]>
    </line>
    <line>
      <![CDATA[Account5 Name : AB Drivers Limited]]>
    </line>
    <line>
      <![CDATA[<br>]]>
    </line>
    <line>
      <![CDATA[Account7 Name : B.C. Investing International]]>
    </line>
    <line>
      <![CDATA[<br>]]>
    </line>
    <line>
      <![CDATA[Account9 Name : B.H. Edwards Inc]]>
    </line>
    <line>
      <![CDATA[<br>]]>
    </line>
    <line>
      <![CDATA[Ending Test...]]>
    </line>
    <line>
      <![CDATA[Starting Test...]]>
    </line>
    <line>
      <![CDATA[Opened Browser...]]>
    </line>
    <line>
      <![CDATA[Page title is SuiteCRM]]>
    </line>
    <line>
      <![CDATA[Homepage opened]]>
    </line>
    <line>
      <![CDATA[<br>]]>
    </line>
    <line>
      <![CDATA[Lead1 Name : DBDB .]]>
    </line>
    <line>
      <![CDATA[<br>]]>
    </line>
    <line>
      <![CDATA[Lead1 User : admin]]>
    </line>
    <line>
      <![CDATA[<br>]]>
    </line>
    <line>
      <![CDATA[<br>]]>
    </line>
    <line>
      <![CDATA[Lead2 Name : Ceqih 1upxc]]>
    </line>
    <line>
      <![CDATA[<br>]]>
    </line>
    <line>
      <![CDATA[Lead2 User : admin]]>
    </line>
    <line>
      <![CDATA[<br>]]>
    </line>
    <line>
      <![CDATA[<br>]]>
    </line>
    <line>
      <![CDATA[Lead3 Name : Oasnf 9h4ny]]>
    </line>
    <line>
      <![CDATA[<br>]]>
    </line>
    <line>
      <![CDATA[Lead3 User : admin]]>
    </line>
    <line>
      <![CDATA[<br>]]>
    </line>
    <line>
      <![CDATA[<br>]]>
    </line>
    <line>
      <![CDATA[Lead4 Name : Ms. Kratika A 1482]]>
    </line>
    <line>
      <![CDATA[<br>]]>
    </line>
    <line>
      <![CDATA[Lead4 User : admin]]>
    </line>
    <line>
      <![CDATA[<br>]]>
    </line>
    <line>
      <![CDATA[<br>]]>
    </line>
    <line>
      <![CDATA[Lead5 Name : Ms. Kratika A 1851]]>
    </line>
    <line>
      <![CDATA[<br>]]>
    </line>
    <line>
      <![CDATA[Lead5 User : admin]]>
    </line>
    <line>
      <![CDATA[<br>]]>
    </line>
    <line>
      <![CDATA[<br>]]>
    </line>
    <line>
      <![CDATA[Lead6 Name : Ms. Kratika A 2317]]>
    </line>
    <line>
      <![CDATA[<br>]]>
    </line>
    <line>
      <![CDATA[Lead6 User : admin]]>
    </line>
    <line>
      <![CDATA[<br>]]>
    </line>
    <line>
      <![CDATA[<br>]]>
    </line>
    <line>
      <![CDATA[Lead7 Name : Ms. Kratika A 2411]]>
    </line>
    <line>
      <![CDATA[<br>]]>
    </line>
    <line>
      <![CDATA[Lead7 User : admin]]>
    </line>
    <line>
      <![CDATA[<br>]]>
    </line>
    <line>
      <![CDATA[<br>]]>
    </line>
    <line>
      <![CDATA[Lead8 Name : Ms. Kratika A 681]]>
    </line>
    <line>
      <![CDATA[<br>]]>
    </line>
    <line>
      <![CDATA[Lead8 User : admin]]>
    </line>
    <line>
      <![CDATA[<br>]]>
    </line>
    <line>
      <![CDATA[<br>]]>
    </line>
    <line>
      <![CDATA[Lead9 Name : Ms. Kratika A 705]]>
    </line>
    <line>
      <![CDATA[<br>]]>
    </line>
    <line>
      <![CDATA[Lead9 User : admin]]>
    </line>
    <line>
      <![CDATA[<br>]]>
    </line>
    <line>
      <![CDATA[<br>]]>
    </line>
    <line>
      <![CDATA[Lead10 Name : Ms. Kratika A 890]]>
    </line>
    <line>
      <![CDATA[<br>]]>
    </line>
    <line>
      <![CDATA[Lead10 User : admin]]>
    </line>
    <line>
      <![CDATA[<br>]]>
    </line>
    <line>
      <![CDATA[<br>]]>
    </line>
    <line>
      <![CDATA[Ending Test...]]>
    </line>
  </reporter-output>
  <suite started-at="2021-10-25T00:39:52 IST" name="SuiteCRM" finished-at="2021-10-25T00:42:02 IST" duration-ms="130268">
    <groups>
    </groups>
    <test started-at="2021-10-25T00:39:52 IST" name="testActivities" finished-at="2021-10-25T00:42:02 IST" duration-ms="130268">
      <class name="activities.Activity9">
        <test-method is-config="true" signature="setUp()[pri:0, instance:activities.Activity9@2c35e847]" started-at="2021-10-25T00:41:41 IST" name="setUp" finished-at="2021-10-25T00:41:50 IST" duration-ms="8366" status="PASS">
          <reporter-output>
            <line>
              <![CDATA[Starting Test...]]>
            </line>
            <line>
              <![CDATA[Opened Browser...]]>
            </line>
            <line>
              <![CDATA[Page title is SuiteCRM]]>
            </line>
          </reporter-output>
        </test-method> <!-- setUp -->
        <test-method signature="activity9(java.lang.String,java.lang.String)[pri:0, instance:activities.Activity9@2c35e847]" started-at="2021-10-25T00:41:50 IST" name="activity9" data-provider="Authentication" finished-at="2021-10-25T00:42:00 IST" duration-ms="10336" status="PASS">
          <params>
            <param index="0">
              <value>
                <![CDATA[admin]]>
              </value>
            </param>
            <param index="1">
              <value>
                <![CDATA[pa$$w0rd]]>
              </value>
            </param>
          </params>
          <reporter-output>
            <line>
              <![CDATA[Homepage opened]]>
            </line>
            <line>
              <![CDATA[<br>]]>
            </line>
            <line>
              <![CDATA[Lead1 Name : DBDB .]]>
            </line>
            <line>
              <![CDATA[<br>]]>
            </line>
            <line>
              <![CDATA[Lead1 User : admin]]>
            </line>
            <line>
              <![CDATA[<br>]]>
            </line>
            <line>
              <![CDATA[<br>]]>
            </line>
            <line>
              <![CDATA[Lead2 Name : Ceqih 1upxc]]>
            </line>
            <line>
              <![CDATA[<br>]]>
            </line>
            <line>
              <![CDATA[Lead2 User : admin]]>
            </line>
            <line>
              <![CDATA[<br>]]>
            </line>
            <line>
              <![CDATA[<br>]]>
            </line>
            <line>
              <![CDATA[Lead3 Name : Oasnf 9h4ny]]>
            </line>
            <line>
              <![CDATA[<br>]]>
            </line>
            <line>
              <![CDATA[Lead3 User : admin]]>
            </line>
            <line>
              <![CDATA[<br>]]>
            </line>
            <line>
              <![CDATA[<br>]]>
            </line>
            <line>
              <![CDATA[Lead4 Name : Ms. Kratika A 1482]]>
            </line>
            <line>
              <![CDATA[<br>]]>
            </line>
            <line>
              <![CDATA[Lead4 User : admin]]>
            </line>
            <line>
              <![CDATA[<br>]]>
            </line>
            <line>
              <![CDATA[<br>]]>
            </line>
            <line>
              <![CDATA[Lead5 Name : Ms. Kratika A 1851]]>
            </line>
            <line>
              <![CDATA[<br>]]>
            </line>
            <line>
              <![CDATA[Lead5 User : admin]]>
            </line>
            <line>
              <![CDATA[<br>]]>
            </line>
            <line>
              <![CDATA[<br>]]>
            </line>
            <line>
              <![CDATA[Lead6 Name : Ms. Kratika A 2317]]>
            </line>
            <line>
              <![CDATA[<br>]]>
            </line>
            <line>
              <![CDATA[Lead6 User : admin]]>
            </line>
            <line>
              <![CDATA[<br>]]>
            </line>
            <line>
              <![CDATA[<br>]]>
            </line>
            <line>
              <![CDATA[Lead7 Name : Ms. Kratika A 2411]]>
            </line>
            <line>
              <![CDATA[<br>]]>
            </line>
            <line>
              <![CDATA[Lead7 User : admin]]>
            </line>
            <line>
              <![CDATA[<br>]]>
            </line>
            <line>
              <![CDATA[<br>]]>
            </line>
            <line>
              <![CDATA[Lead8 Name : Ms. Kratika A 681]]>
            </line>
            <line>
              <![CDATA[<br>]]>
            </line>
            <line>
              <![CDATA[Lead8 User : admin]]>
            </line>
            <line>
              <![CDATA[<br>]]>
            </line>
            <line>
              <![CDATA[<br>]]>
            </line>
            <line>
              <![CDATA[Lead9 Name : Ms. Kratika A 705]]>
            </line>
            <line>
              <![CDATA[<br>]]>
            </line>
            <line>
              <![CDATA[Lead9 User : admin]]>
            </line>
            <line>
              <![CDATA[<br>]]>
            </line>
            <line>
              <![CDATA[<br>]]>
            </line>
            <line>
              <![CDATA[Lead10 Name : Ms. Kratika A 890]]>
            </line>
            <line>
              <![CDATA[<br>]]>
            </line>
            <line>
              <![CDATA[Lead10 User : admin]]>
            </line>
            <line>
              <![CDATA[<br>]]>
            </line>
            <line>
              <![CDATA[<br>]]>
            </line>
          </reporter-output>
        </test-method> <!-- activity9 -->
        <test-method is-config="true" signature="tearDown()[pri:0, instance:activities.Activity9@2c35e847]" started-at="2021-10-25T00:42:00 IST" name="tearDown" finished-at="2021-10-25T00:42:02 IST" duration-ms="1881" status="PASS">
          <reporter-output>
            <line>
              <![CDATA[Ending Test...]]>
            </line>
          </reporter-output>
        </test-method> <!-- tearDown -->
      </class> <!-- activities.Activity9 -->
      <class name="activities.Activity8">
        <test-method is-config="true" signature="setUp()[pri:0, instance:activities.Activity8@7c24b813]" started-at="2021-10-25T00:41:20 IST" name="setUp" finished-at="2021-10-25T00:41:28 IST" duration-ms="8459" status="PASS">
          <reporter-output>
            <line>
              <![CDATA[Starting Test...]]>
            </line>
            <line>
              <![CDATA[Opened Browser...]]>
            </line>
            <line>
              <![CDATA[Page title is SuiteCRM]]>
            </line>
          </reporter-output>
        </test-method> <!-- setUp -->
        <test-method signature="activity8(java.lang.String,java.lang.String)[pri:0, instance:activities.Activity8@7c24b813]" started-at="2021-10-25T00:41:28 IST" name="activity8" data-provider="Authentication" finished-at="2021-10-25T00:41:40 IST" duration-ms="11097" status="PASS">
          <params>
            <param index="0">
              <value>
                <![CDATA[admin]]>
              </value>
            </param>
            <param index="1">
              <value>
                <![CDATA[pa$$w0rd]]>
              </value>
            </param>
          </params>
          <reporter-output>
            <line>
              <![CDATA[Homepage opened]]>
            </line>
            <line>
              <![CDATA[<br>]]>
            </line>
            <line>
              <![CDATA[Account1 Name : 5D Investments]]>
            </line>
            <line>
              <![CDATA[<br>]]>
            </line>
            <line>
              <![CDATA[Account3 Name : 5D Investments]]>
            </line>
            <line>
              <![CDATA[<br>]]>
            </line>
            <line>
              <![CDATA[Account5 Name : AB Drivers Limited]]>
            </line>
            <line>
              <![CDATA[<br>]]>
            </line>
            <line>
              <![CDATA[Account7 Name : B.C. Investing International]]>
            </line>
            <line>
              <![CDATA[<br>]]>
            </line>
            <line>
              <![CDATA[Account9 Name : B.H. Edwards Inc]]>
            </line>
            <line>
              <![CDATA[<br>]]>
            </line>
          </reporter-output>
        </test-method> <!-- activity8 -->
        <test-method is-config="true" signature="tearDown()[pri:0, instance:activities.Activity8@7c24b813]" started-at="2021-10-25T00:41:40 IST" name="tearDown" finished-at="2021-10-25T00:41:41 IST" duration-ms="1711" status="PASS">
          <reporter-output>
            <line>
              <![CDATA[Ending Test...]]>
            </line>
          </reporter-output>
        </test-method> <!-- tearDown -->
      </class> <!-- activities.Activity8 -->
      <class name="activities.Activity5">
        <test-method is-config="true" signature="setUp()[pri:0, instance:activities.Activity5@543588e6]" started-at="2021-10-25T00:40:35 IST" name="setUp" finished-at="2021-10-25T00:40:44 IST" duration-ms="8638" status="PASS">
          <reporter-output>
            <line>
              <![CDATA[Starting Test...]]>
            </line>
            <line>
              <![CDATA[Opened Browser...]]>
            </line>
            <line>
              <![CDATA[Page title is SuiteCRM]]>
            </line>
          </reporter-output>
        </test-method> <!-- setUp -->
        <test-method signature="activity5(java.lang.String,java.lang.String)[pri:0, instance:activities.Activity5@543588e6]" started-at="2021-10-25T00:40:44 IST" name="activity5" data-provider="Authentication" finished-at="2021-10-25T00:40:46 IST" duration-ms="2329" status="PASS">
          <params>
            <param index="0">
              <value>
                <![CDATA[admin]]>
              </value>
            </param>
            <param index="1">
              <value>
                <![CDATA[pa$$w0rd]]>
              </value>
            </param>
          </params>
          <reporter-output>
            <line>
              <![CDATA[Homepage opened]]>
            </line>
            <line>
              <![CDATA[<br>]]>
            </line>
            <line>
              <![CDATA[Colour of Toolbar : rgb(83, 77, 100)]]>
            </line>
          </reporter-output>
        </test-method> <!-- activity5 -->
        <test-method is-config="true" signature="tearDown()[pri:0, instance:activities.Activity5@543588e6]" started-at="2021-10-25T00:40:46 IST" name="tearDown" finished-at="2021-10-25T00:40:48 IST" duration-ms="1570" status="PASS">
          <reporter-output>
            <line>
              <![CDATA[Ending Test...]]>
            </line>
          </reporter-output>
        </test-method> <!-- tearDown -->
      </class> <!-- activities.Activity5 -->
      <class name="activities.Activity4">
        <test-method is-config="true" signature="setUp()[pri:0, instance:activities.Activity4@58695725]" started-at="2021-10-25T00:40:23 IST" name="setUp" finished-at="2021-10-25T00:40:32 IST" duration-ms="8441" status="PASS">
          <reporter-output>
            <line>
              <![CDATA[Starting Test...]]>
            </line>
            <line>
              <![CDATA[Opened Browser...]]>
            </line>
            <line>
              <![CDATA[Page title is SuiteCRM]]>
            </line>
          </reporter-output>
        </test-method> <!-- setUp -->
        <test-method signature="activity4(java.lang.String,java.lang.String)[pri:0, instance:activities.Activity4@58695725]" started-at="2021-10-25T00:40:32 IST" name="activity4" data-provider="Authentication" finished-at="2021-10-25T00:40:34 IST" duration-ms="2439" status="PASS">
          <params>
            <param index="0">
              <value>
                <![CDATA[admin]]>
              </value>
            </param>
            <param index="1">
              <value>
                <![CDATA[pa$$w0rd]]>
              </value>
            </param>
          </params>
          <reporter-output>
            <line>
              <![CDATA[Homepage opened]]>
            </line>
          </reporter-output>
        </test-method> <!-- activity4 -->
        <test-method is-config="true" signature="tearDown()[pri:0, instance:activities.Activity4@58695725]" started-at="2021-10-25T00:40:34 IST" name="tearDown" finished-at="2021-10-25T00:40:35 IST" duration-ms="1454" status="PASS">
          <reporter-output>
            <line>
              <![CDATA[Ending Test...]]>
            </line>
          </reporter-output>
        </test-method> <!-- tearDown -->
      </class> <!-- activities.Activity4 -->
      <class name="activities.Activity7">
        <test-method is-config="true" signature="setUp()[pri:0, instance:activities.Activity7@4fb3ee4e]" started-at="2021-10-25T00:41:00 IST" name="setUp" finished-at="2021-10-25T00:41:08 IST" duration-ms="8312" status="PASS">
          <reporter-output>
            <line>
              <![CDATA[Starting Test...]]>
            </line>
            <line>
              <![CDATA[Opened Browser...]]>
            </line>
            <line>
              <![CDATA[Page title is SuiteCRM]]>
            </line>
          </reporter-output>
        </test-method> <!-- setUp -->
        <test-method signature="activity7(java.lang.String,java.lang.String)[pri:0, instance:activities.Activity7@4fb3ee4e]" started-at="2021-10-25T00:41:08 IST" name="activity7" data-provider="Authentication" finished-at="2021-10-25T00:41:18 IST" duration-ms="10065" status="PASS">
          <params>
            <param index="0">
              <value>
                <![CDATA[admin]]>
              </value>
            </param>
            <param index="1">
              <value>
                <![CDATA[pa$$w0rd]]>
              </value>
            </param>
          </params>
          <reporter-output>
            <line>
              <![CDATA[Homepage opened]]>
            </line>
            <line>
              <![CDATA[<br>]]>
            </line>
            <line>
              <![CDATA[Lead Phone No : 1234567890]]>
            </line>
          </reporter-output>
        </test-method> <!-- activity7 -->
        <test-method is-config="true" signature="tearDown()[pri:0, instance:activities.Activity7@4fb3ee4e]" started-at="2021-10-25T00:41:18 IST" name="tearDown" finished-at="2021-10-25T00:41:20 IST" duration-ms="1678" status="PASS">
          <reporter-output>
            <line>
              <![CDATA[Ending Test...]]>
            </line>
          </reporter-output>
        </test-method> <!-- tearDown -->
      </class> <!-- activities.Activity7 -->
      <class name="activities.Activity6">
        <test-method is-config="true" signature="setUp()[pri:0, instance:activities.Activity6@f5acb9d]" started-at="2021-10-25T00:40:48 IST" name="setUp" finished-at="2021-10-25T00:40:56 IST" duration-ms="8136" status="PASS">
          <reporter-output>
            <line>
              <![CDATA[Starting Test...]]>
            </line>
            <line>
              <![CDATA[Opened Browser...]]>
            </line>
            <line>
              <![CDATA[Page title is SuiteCRM]]>
            </line>
          </reporter-output>
        </test-method> <!-- setUp -->
        <test-method signature="activity6(java.lang.String,java.lang.String)[pri:0, instance:activities.Activity6@f5acb9d]" started-at="2021-10-25T00:40:56 IST" name="activity6" data-provider="Authentication" finished-at="2021-10-25T00:40:58 IST" duration-ms="2243" status="PASS">
          <params>
            <param index="0">
              <value>
                <![CDATA[admin]]>
              </value>
            </param>
            <param index="1">
              <value>
                <![CDATA[pa$$w0rd]]>
              </value>
            </param>
          </params>
          <reporter-output>
            <line>
              <![CDATA[Homepage opened]]>
            </line>
            <line>
              <![CDATA[<br>]]>
            </line>
            <line>
              <![CDATA[ACTIVITIES Exists in Navigation Menubar]]>
            </line>
          </reporter-output>
        </test-method> <!-- activity6 -->
        <test-method is-config="true" signature="tearDown()[pri:0, instance:activities.Activity6@f5acb9d]" started-at="2021-10-25T00:40:58 IST" name="tearDown" finished-at="2021-10-25T00:41:00 IST" duration-ms="1567" status="PASS">
          <reporter-output>
            <line>
              <![CDATA[Ending Test...]]>
            </line>
          </reporter-output>
        </test-method> <!-- tearDown -->
      </class> <!-- activities.Activity6 -->
      <class name="activities.Activity1">
        <test-method is-config="true" signature="setUp()[pri:0, instance:activities.Activity1@5acf93bb]" started-at="2021-10-25T00:39:52 IST" name="setUp" finished-at="2021-10-25T00:40:01 IST" duration-ms="9364" status="PASS">
          <reporter-output>
            <line>
              <![CDATA[Starting Test...]]>
            </line>
            <line>
              <![CDATA[Opened Browser...]]>
            </line>
            <line>
              <![CDATA[Page title is SuiteCRM]]>
            </line>
          </reporter-output>
        </test-method> <!-- setUp -->
        <test-method signature="activity1()[pri:0, instance:activities.Activity1@5acf93bb]" started-at="2021-10-25T00:40:01 IST" name="activity1" finished-at="2021-10-25T00:40:01 IST" duration-ms="27" status="PASS">
          <reporter-output>
            <line>
              <![CDATA[Title of the website matches 'SuiteCRM' exactly]]>
            </line>
          </reporter-output>
        </test-method> <!-- activity1 -->
        <test-method is-config="true" signature="tearDown()[pri:0, instance:activities.Activity1@5acf93bb]" started-at="2021-10-25T00:40:01 IST" name="tearDown" finished-at="2021-10-25T00:40:03 IST" duration-ms="1527" status="PASS">
          <reporter-output>
            <line>
              <![CDATA[Ending Test...]]>
            </line>
          </reporter-output>
        </test-method> <!-- tearDown -->
      </class> <!-- activities.Activity1 -->
      <class name="activities.Activity3">
        <test-method is-config="true" signature="setUp()[pri:0, instance:activities.Activity3@618425b5]" started-at="2021-10-25T00:40:13 IST" name="setUp" finished-at="2021-10-25T00:40:21 IST" duration-ms="8497" status="PASS">
          <reporter-output>
            <line>
              <![CDATA[Starting Test...]]>
            </line>
            <line>
              <![CDATA[Opened Browser...]]>
            </line>
            <line>
              <![CDATA[Page title is SuiteCRM]]>
            </line>
          </reporter-output>
        </test-method> <!-- setUp -->
        <test-method signature="activity3()[pri:0, instance:activities.Activity3@618425b5]" started-at="2021-10-25T00:40:21 IST" name="activity3" finished-at="2021-10-25T00:40:21 IST" duration-ms="80" status="PASS">
          <reporter-output>
            <line>
              <![CDATA[First Copyright Text : © Supercharged by SuiteCRM]]>
            </line>
          </reporter-output>
        </test-method> <!-- activity3 -->
        <test-method is-config="true" signature="tearDown()[pri:0, instance:activities.Activity3@618425b5]" started-at="2021-10-25T00:40:21 IST" name="tearDown" finished-at="2021-10-25T00:40:23 IST" duration-ms="1713" status="PASS">
          <reporter-output>
            <line>
              <![CDATA[Ending Test...]]>
            </line>
          </reporter-output>
        </test-method> <!-- tearDown -->
      </class> <!-- activities.Activity3 -->
      <class name="activities.Activity2">
        <test-method is-config="true" signature="setUp()[pri:0, instance:activities.Activity2@18d87d80]" started-at="2021-10-25T00:40:03 IST" name="setUp" finished-at="2021-10-25T00:40:11 IST" duration-ms="8706" status="PASS">
          <reporter-output>
            <line>
              <![CDATA[Starting Test...]]>
            </line>
            <line>
              <![CDATA[Opened Browser...]]>
            </line>
            <line>
              <![CDATA[Page title is SuiteCRM]]>
            </line>
          </reporter-output>
        </test-method> <!-- setUp -->
        <test-method signature="activity2()[pri:0, instance:activities.Activity2@18d87d80]" started-at="2021-10-25T00:40:11 IST" name="activity2" finished-at="2021-10-25T00:40:11 IST" duration-ms="116" status="PASS">
          <reporter-output>
            <line>
              <![CDATA[URL of the Header Image : https://alchemy.hguy.co/crm/themes/default/images/company_logo.png?v=cK7kLsY0ftg72ZVHTYUT_g]]>
            </line>
          </reporter-output>
        </test-method> <!-- activity2 -->
        <test-method is-config="true" signature="tearDown()[pri:0, instance:activities.Activity2@18d87d80]" started-at="2021-10-25T00:40:11 IST" name="tearDown" finished-at="2021-10-25T00:40:13 IST" duration-ms="1388" status="PASS">
          <reporter-output>
            <line>
              <![CDATA[Ending Test...]]>
            </line>
          </reporter-output>
        </test-method> <!-- tearDown -->
      </class> <!-- activities.Activity2 -->
    </test> <!-- testActivities -->
  </suite> <!-- SuiteCRM -->
</testng-results>
